.....................                                                    [100%]
================================ tests coverage ================================
_______________ coverage: platform darwin, python 3.14.7-final-0 _______________

Name                 Stmts   Miss  Cover   Missing
--------------------------------------------------
src/app.py              53      1    98%   60
src/clean.py            22      0   100%
src/load_data.py        53      2    96%   22-23
src/models.py           24      0   100%
src/orm_queries.py      30      2    93%   105-106
src/query_data.py       55      3    95%   145-147
src/scrape.py          110      5    95%   40, 48, 55-56, 130
--------------------------------------------------
TOTAL                  347     13    96%
21 passed in 185.15s (0:03:05)
