........................................................................ [ 76%]
......................                                                   [100%]
=============================== tests coverage ================================
_______________ coverage: platform win32, python 3.13.5-final-0 _______________

Name                 Stmts   Miss Branch BrPart  Cover   Missing
----------------------------------------------------------------
src\__init__.py          0      0      0      0   100%
src\app.py               2      0      0      0   100%
src\clean.py            65      0     36      0   100%
src\flask_app.py        76      0     12      0   100%
src\load_data.py        20      0      4      0   100%
src\models.py           35      0      6      0   100%
src\orm_queries.py       3      0      0      0   100%
src\query_data.py       31      0      2      0   100%
src\scrape.py           44      0     12      0   100%
----------------------------------------------------------------
TOTAL                  276      0     72      0   100%
Required test coverage of 100% reached. Total coverage: 100.00%
94 passed in 2.48s
